
> event-nexus-ai-backend@1.0.0 dev
> nodemon src/server.js

[33m[nodemon] 3.1.14[39m
[33m[nodemon] to restart at any time, enter `rs`[39m
[33m[nodemon] watching path(s): *.*[39m
[33m[nodemon] watching extensions: js,mjs,cjs,json[39m
[32m[nodemon] starting `node src/server.js`[39m
Server running on port 5000
Socket.io server initialized
Error: The `uri` parameter to `openUri()` must be a string, got "undefined". Make sure the first parameter to `mongoose.connect()` or `mongoose.createConnection()` is a string.
[31m[nodemon] app crashed - waiting for file changes before starting...[39m
[32m[nodemon] restarting due to changes...[39m
[32m[nodemon] starting `node src/server.js`[39m
Server running on port 5000
Socket.io server initialized
MongoDB Connected: localhost
[32m[nodemon] restarting due to changes...[39m
[32m[nodemon] starting `node src/server.js`[39m
node:events:487
      throw er; // Unhandled 'error' event
      ^

Error: listen EADDRINUSE: address already in use :::5000
    at Server.setupListenHandle [as _listen2] (node:net:2008:16)
    at listenInCluster (node:net:2065:12)
    at Server.listen (node:net:2170:7)
    at Object.<anonymous> (c:\Users\Nandini Sojitra\Desktop\My Website\EventNexus\backend\src\server.js:109:8)
    at Module._compile (node:internal/modules/cjs/loader:1854:14)
    at Object..js (node:internal/modules/cjs/loader:1985:10)
    at Module.load (node:internal/modules/cjs/loader:1577:32)
    at Module._load (node:internal/modules/cjs/loader:1379:12)
    at wrapModuleLoad (node:internal/modules/cjs/loader:255:19)
    at Module.executeUserEntryPoint [as runMain] (node:internal/modules/run_main:154:5)
Emitted 'error' event on Server instance at:
    at emitErrorNT (node:net:2044:8)
    at process.processTicksAndRejections (node:internal/process/task_queues:90:21) {
  code: 'EADDRINUSE',
  errno: -4091,
  syscall: 'listen',
  address: '::',
  port: 5000
}

Node.js v24.16.0
[31m[nodemon] app crashed - waiting for file changes before starting...[39m
[32m[nodemon] restarting due to changes...[39m
[32m[nodemon] starting `node src/server.js`[39m
Server running on port 5000
Socket.io server initialized
MongoDB Connected: localhost
[31m[nodemon] app crashed - waiting for file changes before starting...[39m
[32m[nodemon] restarting due to changes...[39m
[32m[nodemon] starting `node src/server.js`[39m
Server running on port 5000
Socket.io server initialized
MongoDB Connected: localhost
[32m[nodemon] restarting due to changes...[39m
[32m[nodemon] starting `node src/server.js`[39m
node:events:487
      throw er; // Unhandled 'error' event
      ^

Error: listen EADDRINUSE: address already in use :::5000
    at Server.setupListenHandle [as _listen2] (node:net:2008:16)
    at listenInCluster (node:net:2065:12)
    at Server.listen (node:net:2170:7)
    at Object.<anonymous> (c:\Users\Nandini Sojitra\Desktop\My Website\EventNexus\backend\src\server.js:109:8)
    at Module._compile (node:internal/modules/cjs/loader:1854:14)
    at Object..js (node:internal/modules/cjs/loader:1985:10)
    at Module.load (node:internal/modules/cjs/loader:1577:32)
    at Module._load (node:internal/modules/cjs/loader:1379:12)
    at wrapModuleLoad (node:internal/modules/cjs/loader:255:19)
    at Module.executeUserEntryPoint [as runMain] (node:internal/modules/run_main:154:5)
Emitted 'error' event on Server instance at:
    at emitErrorNT (node:net:2044:8)
    at process.processTicksAndRejections (node:internal/process/task_queues:90:21) {
  code: 'EADDRINUSE',
  errno: -4091,
  syscall: 'listen',
  address: '::',
  port: 5000
}

Node.js v24.16.0
[31m[nodemon] app crashed - waiting for file changes before starting...[39m
